The optimum number of communities is 10 and modularity value is 0.661859
The residues in community 1 are: 0 1 2 3 4 5 6 7 8 9 10 11 12 13 14 15 16 17 23 24 25 26 27 28 29 30 31 32 33 34 35 36 37 38 39 40 70 71 72 73 74 75 76 77 78 79 81 91 92 93 94 95 96 97 98 
The residues in community 2 are: 61 62 63 64 65 66 67 68 69 126 127 128 129 130 131 132 133 134 135 136 137 138 161 166 294 
The residues in community 3 are: 139 140 141 160 162 163 164 165 167 168 169 170 171 172 173 174 175 194 195 196 197 198 
The residues in community 4 are: 142 143 144 176 177 178 179 180 181 182 183 184 185 186 187 188 189 190 191 192 193 199 200 201 202 203 204 205 217 219 220 221 222 223 224 225 226 227 228 230 249 250 251 252 253 254 255 256 291 
The residues in community 5 are: 206 207 208 209 210 211 212 213 214 215 216 218 265 266 267 268 269 270 271 272 273 274 275 276 277 278 279 280 281 282 283 284 292 
The residues in community 6 are: 99 100 101 102 103 104 105 106 107 108 109 110 111 112 114 145 146 147 148 149 150 151 152 153 154 155 156 157 158 159 314 315 316 317 
The residues in community 7 are: 18 19 20 21 22 41 42 43 44 45 46 47 48 49 50 51 52 53 54 55 56 57 58 59 60 318 
The residues in community 8 are: 80 82 83 84 85 86 87 88 89 90 
The residues in community 9 are: 113 115 116 117 118 119 120 121 122 123 124 125 293 295 296 297 298 299 300 301 302 303 304 305 306 307 308 309 310 311 312 313 
The residues in community 10 are: 229 231 232 233 234 235 236 237 238 239 240 241 242 243 244 245 246 247 248 257 258 259 260 261 262 263 264 285 286 287 288 289 290 
The highest score in edge connectivities between communities 1 and 2 with highest edge connectivity is 1370.036865
2 62 1106.786743 
69 71 1354.634277 
69 97 1370.036865 
The highest score in edge connectivities between communities 1 and 3 with highest edge connectivity is 6480.667969
39 160 6480.667969 
The highest score in edge connectivities between communities 1 and 6 with highest edge connectivity is 2788.283691
35 100 2788.283691 
The highest score in edge connectivities between communities 1 and 7 with highest edge connectivity is 7354.813965
39 318 7354.813965 
The highest score in edge connectivities between communities 1 and 8 with highest edge connectivity is 2105.598145
90 92 2105.598145 
The highest score in edge connectivities between communities 2 and 3 with highest edge connectivity is 523.190735
138 139 523.190735 
138 140 411.932892 
The highest score in edge connectivities between communities 2 and 4 with highest edge connectivity is 1064.687622
134 202 1064.687622 
The highest score in edge connectivities between communities 2 and 5 with highest edge connectivity is 2007.479248
127 283 2007.479248 
The highest score in edge connectivities between communities 2 and 6 with highest edge connectivity is 1483.798828
126 158 1483.798828 
The highest score in edge connectivities between communities 2 and 7 with highest edge connectivity is 1013.891174
57 161 1013.891174 
58 61 983.900452 
The highest score in edge connectivities between communities 2 and 9 with highest edge connectivity is 811.289551
68 125 625.144348 
124 126 663.477417 
125 127 752.098816 
125 129 811.289551 
The highest score in edge connectivities between communities 3 and 4 with highest edge connectivity is 1974.530151
140 201 1974.530151 
The highest score in edge connectivities between communities 3 and 6 with highest edge connectivity is 3120.731201
147 160 3120.731201 
The highest score in edge connectivities between communities 3 and 7 with highest edge connectivity is 2265.229980
56 165 2265.229980 
The highest score in edge connectivities between communities 3 and 10 with highest edge connectivity is 1342.142578
197 288 1342.142578 
The highest score in edge connectivities between communities 4 and 5 with highest edge connectivity is 1648.438965
184 211 1263.563110 
283 291 1648.438965 
The highest score in edge connectivities between communities 4 and 6 with highest edge connectivity is 1442.688965
143 158 1442.688965 
145 184 1264.226318 
The highest score in edge connectivities between communities 4 and 7 with highest edge connectivity is 11552.718750
178 318 11552.718750 
The highest score in edge connectivities between communities 4 and 9 with highest edge connectivity is 921.617676
123 205 921.617676 
The highest score in edge connectivities between communities 4 and 10 with highest edge connectivity is 2641.725342
185 231 2641.725342 
The highest score in edge connectivities between communities 5 and 6 with highest edge connectivity is 1595.076660
103 208 1369.154297 
145 211 1595.076660 
The highest score in edge connectivities between communities 5 and 9 with highest edge connectivity is 2255.111084
123 283 2255.111084 
The highest score in edge connectivities between communities 5 and 10 with highest edge connectivity is 973.842590
263 281 889.203857 
284 286 973.842590 
The highest score in edge connectivities between communities 6 and 9 with highest edge connectivity is 1228.989868
122 150 1228.989868 
The highest score in edge connectivities between communities 7 and 8 with highest edge connectivity is 663.653564
43 89 663.653564 
Community Tree
Community list for community 1 is: 0: 1 
Community list for community 2 is: 61: 2 
Community list for community 3 is: 139: 3 2 
Community list for community 4 is: 142: 4 3 2 
Community list for community 5 is: 206: 5 4 3 2 
Community list for community 6 is: 99: 6 2 
Community list for community 7 is: 18: 7 1 
Community list for community 8 is: 80: 8 1 
Community list for community 9 is: 113: 9 6 2 
Community list for community 10 is: 229: 10 4 3 2 
(((1,8)1,7)1,((2,(6,9)6)2,(3,((4,10)4,5)4)3)2)1